<?xml version="1.0" encoding="UTF-8"?>
<testng-results ignored="0" total="7" passed="5" failed="2" skipped="0">
  <reporter-output>
  </reporter-output>
  <suite started-at="2022-04-15T16:04:01 ICT" name="Default suite" finished-at="2022-04-15T16:04:02 ICT" duration-ms="415">
    <groups>
    </groups>
    <test started-at="2022-04-15T16:04:01 ICT" name="Default test" finished-at="2022-04-15T16:04:02 ICT" duration-ms="415">
      <class name="com.source.dao.test.HoaDonDAOTest">
        <test-method is-config="true" signature="beforeSuite()[pri:0, instance:com.source.dao.test.HoaDonDAOTest@5c30a9b0]" started-at="2022-04-15T16:04:01 ICT" name="beforeSuite" finished-at="2022-04-15T16:04:01 ICT" duration-ms="8" status="PASS">
          <reporter-output>
          </reporter-output>
        </test-method> <!-- beforeSuite -->
        <test-method is-config="true" signature="beforeTest()[pri:0, instance:com.source.dao.test.HoaDonDAOTest@5c30a9b0]" started-at="2022-04-15T16:04:01 ICT" name="beforeTest" finished-at="2022-04-15T16:04:01 ICT" duration-ms="1" status="PASS">
          <reporter-output>
          </reporter-output>
        </test-method> <!-- beforeTest -->
        <test-method is-config="true" signature="beforeClass()[pri:0, instance:com.source.dao.test.HoaDonDAOTest@5c30a9b0]" started-at="2022-04-15T16:04:02 ICT" name="beforeClass" finished-at="2022-04-15T16:04:02 ICT" duration-ms="1" status="PASS">
          <reporter-output>
          </reporter-output>
        </test-method> <!-- beforeClass -->
        <test-method is-config="true" signature="beforeMethod()[pri:0, instance:com.source.dao.test.HoaDonDAOTest@5c30a9b0]" started-at="2022-04-15T16:04:02 ICT" name="beforeMethod" finished-at="2022-04-15T16:04:02 ICT" duration-ms="1" status="PASS">
          <reporter-output>
          </reporter-output>
        </test-method> <!-- beforeMethod -->
        <test-method is-config="true" signature="deleteTest()[pri:0, instance:com.source.dao.test.HoaDonDAOTest@5c30a9b0]" started-at="2022-04-15T16:04:02 ICT" name="deleteTest" finished-at="2022-04-15T16:04:02 ICT" duration-ms="1" status="PASS">
          <reporter-output>
          </reporter-output>
        </test-method> <!-- deleteTest -->
        <test-method signature="f(java.lang.Integer,java.lang.String)[pri:0, instance:com.source.dao.test.HoaDonDAOTest@5c30a9b0]" started-at="2022-04-15T16:04:02 ICT" name="f" data-provider="dp" finished-at="2022-04-15T16:04:02 ICT" duration-ms="6" status="PASS">
          <params>
            <param index="0">
              <value>
                <![CDATA[1]]>
              </value>
            </param>
            <param index="1">
              <value>
                <![CDATA[a]]>
              </value>
            </param>
          </params>
          <reporter-output>
          </reporter-output>
        </test-method> <!-- f -->
        <test-method is-config="true" signature="afterMethod()[pri:0, instance:com.source.dao.test.HoaDonDAOTest@5c30a9b0]" started-at="2022-04-15T16:04:02 ICT" name="afterMethod" finished-at="2022-04-15T16:04:02 ICT" duration-ms="1" status="PASS">
          <reporter-output>
          </reporter-output>
        </test-method> <!-- afterMethod -->
        <test-method is-config="true" signature="beforeMethod()[pri:0, instance:com.source.dao.test.HoaDonDAOTest@5c30a9b0]" started-at="2022-04-15T16:04:02 ICT" name="beforeMethod" finished-at="2022-04-15T16:04:02 ICT" duration-ms="0" status="PASS">
          <reporter-output>
          </reporter-output>
        </test-method> <!-- beforeMethod -->
        <test-method signature="f(java.lang.Integer,java.lang.String)[pri:0, instance:com.source.dao.test.HoaDonDAOTest@5c30a9b0]" started-at="2022-04-15T16:04:02 ICT" name="f" data-provider="dp" finished-at="2022-04-15T16:04:02 ICT" duration-ms="2" status="PASS">
          <params>
            <param index="0">
              <value>
                <![CDATA[2]]>
              </value>
            </param>
            <param index="1">
              <value>
                <![CDATA[b]]>
              </value>
            </param>
          </params>
          <reporter-output>
          </reporter-output>
        </test-method> <!-- f -->
        <test-method is-config="true" signature="deleteTest()[pri:0, instance:com.source.dao.test.HoaDonDAOTest@5c30a9b0]" started-at="2022-04-15T16:04:02 ICT" name="deleteTest" finished-at="2022-04-15T16:04:02 ICT" duration-ms="0" status="PASS">
          <reporter-output>
          </reporter-output>
        </test-method> <!-- deleteTest -->
        <test-method is-config="true" signature="afterMethod()[pri:0, instance:com.source.dao.test.HoaDonDAOTest@5c30a9b0]" started-at="2022-04-15T16:04:02 ICT" name="afterMethod" finished-at="2022-04-15T16:04:02 ICT" duration-ms="1" status="PASS">
          <reporter-output>
          </reporter-output>
        </test-method> <!-- afterMethod -->
        <test-method is-config="true" signature="beforeMethod()[pri:0, instance:com.source.dao.test.HoaDonDAOTest@5c30a9b0]" started-at="2022-04-15T16:04:02 ICT" name="beforeMethod" finished-at="2022-04-15T16:04:02 ICT" duration-ms="0" status="PASS">
          <reporter-output>
          </reporter-output>
        </test-method> <!-- beforeMethod -->
        <test-method is-config="true" signature="deleteTest()[pri:0, instance:com.source.dao.test.HoaDonDAOTest@5c30a9b0]" started-at="2022-04-15T16:04:02 ICT" name="deleteTest" finished-at="2022-04-15T16:04:02 ICT" duration-ms="1" status="PASS">
          <reporter-output>
          </reporter-output>
        </test-method> <!-- deleteTest -->
        <test-method signature="insertTest()[pri:0, instance:com.source.dao.test.HoaDonDAOTest@5c30a9b0]" started-at="2022-04-15T16:04:02 ICT" name="insertTest" finished-at="2022-04-15T16:04:02 ICT" duration-ms="2" status="FAIL">
          <exception class="java.lang.NullPointerException">
            <message>
              <![CDATA[Cannot invoke "com.source.model.HoaDon.getTenKH()" because "entity" is null]]>
            </message>
            <full-stacktrace>
              <![CDATA[java.lang.NullPointerException: Cannot invoke "com.source.model.HoaDon.getTenKH()" because "entity" is null
at com.source.dao.HoaDonDAO.insert(HoaDonDAO.java:31)
at com.source.dao.test.HoaDonDAOTest.insertTest(HoaDonDAOTest.java:85)
at java.base/jdk.internal.reflect.NativeMethodAccessorImpl.invoke0(Native Method)
at java.base/jdk.internal.reflect.NativeMethodAccessorImpl.invoke(NativeMethodAccessorImpl.java:78)
at java.base/jdk.internal.reflect.DelegatingMethodAccessorImpl.invoke(DelegatingMethodAccessorImpl.java:43)
at java.base/java.lang.reflect.Method.invoke(Method.java:567)
at org.testng.internal.MethodInvocationHelper.invokeMethod(MethodInvocationHelper.java:133)
at org.testng.internal.TestInvoker.invokeMethod(TestInvoker.java:598)
at org.testng.internal.TestInvoker.invokeTestMethod(TestInvoker.java:173)
at org.testng.internal.MethodRunner.runInSequence(MethodRunner.java:46)
at org.testng.internal.TestInvoker$MethodInvocationAgent.invoke(TestInvoker.java:824)
at org.testng.internal.TestInvoker.invokeTestMethods(TestInvoker.java:146)
at org.testng.internal.TestMethodWorker.invokeTestMethods(TestMethodWorker.java:146)
at org.testng.internal.TestMethodWorker.run(TestMethodWorker.java:128)
at java.base/java.util.ArrayList.forEach(ArrayList.java:1511)
at org.testng.TestRunner.privateRun(TestRunner.java:794)
at org.testng.TestRunner.run(TestRunner.java:596)
at org.testng.SuiteRunner.runTest(SuiteRunner.java:377)
at org.testng.SuiteRunner.runSequentially(SuiteRunner.java:371)
at org.testng.SuiteRunner.privateRun(SuiteRunner.java:332)
at org.testng.SuiteRunner.run(SuiteRunner.java:276)
at org.testng.SuiteRunnerWorker.runSuite(SuiteRunnerWorker.java:53)
at org.testng.SuiteRunnerWorker.run(SuiteRunnerWorker.java:96)
at org.testng.TestNG.runSuitesSequentially(TestNG.java:1212)
at org.testng.TestNG.runSuitesLocally(TestNG.java:1134)
at org.testng.TestNG.runSuites(TestNG.java:1063)
at org.testng.TestNG.run(TestNG.java:1031)
at org.testng.remote.AbstractRemoteTestNG.run(AbstractRemoteTestNG.java:115)
at org.testng.remote.RemoteTestNG.initAndRun(RemoteTestNG.java:251)
at org.testng.remote.RemoteTestNG.main(RemoteTestNG.java:77)
]]>
            </full-stacktrace>
          </exception> <!-- java.lang.NullPointerException -->
          <reporter-output>
          </reporter-output>
        </test-method> <!-- insertTest -->
        <test-method is-config="true" signature="afterMethod()[pri:0, instance:com.source.dao.test.HoaDonDAOTest@5c30a9b0]" started-at="2022-04-15T16:04:02 ICT" name="afterMethod" finished-at="2022-04-15T16:04:02 ICT" duration-ms="0" status="PASS">
          <reporter-output>
          </reporter-output>
        </test-method> <!-- afterMethod -->
        <test-method is-config="true" signature="beforeMethod()[pri:0, instance:com.source.dao.test.HoaDonDAOTest@5c30a9b0]" started-at="2022-04-15T16:04:02 ICT" name="beforeMethod" finished-at="2022-04-15T16:04:02 ICT" duration-ms="0" status="PASS">
          <reporter-output>
          </reporter-output>
        </test-method> <!-- beforeMethod -->
        <test-method is-config="true" signature="deleteTest()[pri:0, instance:com.source.dao.test.HoaDonDAOTest@5c30a9b0]" started-at="2022-04-15T16:04:02 ICT" name="deleteTest" finished-at="2022-04-15T16:04:02 ICT" duration-ms="0" status="PASS">
          <reporter-output>
          </reporter-output>
        </test-method> <!-- deleteTest -->
        <test-method signature="selectAllTest()[pri:0, instance:com.source.dao.test.HoaDonDAOTest@5c30a9b0]" started-at="2022-04-15T16:04:02 ICT" name="selectAllTest" finished-at="2022-04-15T16:04:02 ICT" duration-ms="317" status="PASS">
          <reporter-output>
          </reporter-output>
        </test-method> <!-- selectAllTest -->
        <test-method is-config="true" signature="afterMethod()[pri:0, instance:com.source.dao.test.HoaDonDAOTest@5c30a9b0]" started-at="2022-04-15T16:04:02 ICT" name="afterMethod" finished-at="2022-04-15T16:04:02 ICT" duration-ms="1" status="PASS">
          <reporter-output>
          </reporter-output>
        </test-method> <!-- afterMethod -->
        <test-method is-config="true" signature="deleteTest()[pri:0, instance:com.source.dao.test.HoaDonDAOTest@5c30a9b0]" started-at="2022-04-15T16:04:02 ICT" name="deleteTest" finished-at="2022-04-15T16:04:02 ICT" duration-ms="1" status="PASS">
          <reporter-output>
          </reporter-output>
        </test-method> <!-- deleteTest -->
        <test-method is-config="true" signature="beforeMethod()[pri:0, instance:com.source.dao.test.HoaDonDAOTest@5c30a9b0]" started-at="2022-04-15T16:04:02 ICT" name="beforeMethod" finished-at="2022-04-15T16:04:02 ICT" duration-ms="0" status="PASS">
          <reporter-output>
          </reporter-output>
        </test-method> <!-- beforeMethod -->
        <test-method signature="selectByIdTest()[pri:0, instance:com.source.dao.test.HoaDonDAOTest@5c30a9b0]" started-at="2022-04-15T16:04:02 ICT" name="selectByIdTest" finished-at="2022-04-15T16:04:02 ICT" duration-ms="31" status="PASS">
          <reporter-output>
          </reporter-output>
        </test-method> <!-- selectByIdTest -->
        <test-method is-config="true" signature="afterMethod()[pri:0, instance:com.source.dao.test.HoaDonDAOTest@5c30a9b0]" started-at="2022-04-15T16:04:02 ICT" name="afterMethod" finished-at="2022-04-15T16:04:02 ICT" duration-ms="0" status="PASS">
          <reporter-output>
          </reporter-output>
        </test-method> <!-- afterMethod -->
        <test-method is-config="true" signature="deleteTest()[pri:0, instance:com.source.dao.test.HoaDonDAOTest@5c30a9b0]" started-at="2022-04-15T16:04:02 ICT" name="deleteTest" finished-at="2022-04-15T16:04:02 ICT" duration-ms="0" status="PASS">
          <reporter-output>
          </reporter-output>
        </test-method> <!-- deleteTest -->
        <test-method signature="selectBySqlTest()[pri:0, instance:com.source.dao.test.HoaDonDAOTest@5c30a9b0]" started-at="2022-04-15T16:04:02 ICT" name="selectBySqlTest" finished-at="2022-04-15T16:04:02 ICT" duration-ms="1" status="FAIL">
          <exception class="java.lang.NullPointerException">
            <message>
              <![CDATA[Cannot invoke "com.source.model.HoaDon.getTenKH()" because "entity" is null]]>
            </message>
            <full-stacktrace>
              <![CDATA[java.lang.NullPointerException: Cannot invoke "com.source.model.HoaDon.getTenKH()" because "entity" is null
at com.source.dao.HoaDonDAO.insert(HoaDonDAO.java:31)
at com.source.dao.test.HoaDonDAOTest.selectBySqlTest(HoaDonDAOTest.java:118)
at java.base/jdk.internal.reflect.NativeMethodAccessorImpl.invoke0(Native Method)
at java.base/jdk.internal.reflect.NativeMethodAccessorImpl.invoke(NativeMethodAccessorImpl.java:78)
at java.base/jdk.internal.reflect.DelegatingMethodAccessorImpl.invoke(DelegatingMethodAccessorImpl.java:43)
at java.base/java.lang.reflect.Method.invoke(Method.java:567)
at org.testng.internal.MethodInvocationHelper.invokeMethod(MethodInvocationHelper.java:133)
at org.testng.internal.TestInvoker.invokeMethod(TestInvoker.java:598)
at org.testng.internal.TestInvoker.invokeTestMethod(TestInvoker.java:173)
at org.testng.internal.MethodRunner.runInSequence(MethodRunner.java:46)
at org.testng.internal.TestInvoker$MethodInvocationAgent.invoke(TestInvoker.java:824)
at org.testng.internal.TestInvoker.invokeTestMethods(TestInvoker.java:146)
at org.testng.internal.TestMethodWorker.invokeTestMethods(TestMethodWorker.java:146)
at org.testng.internal.TestMethodWorker.run(TestMethodWorker.java:128)
at java.base/java.util.ArrayList.forEach(ArrayList.java:1511)
at org.testng.TestRunner.privateRun(TestRunner.java:794)
at org.testng.TestRunner.run(TestRunner.java:596)
at org.testng.SuiteRunner.runTest(SuiteRunner.java:377)
at org.testng.SuiteRunner.runSequentially(SuiteRunner.java:371)
at org.testng.SuiteRunner.privateRun(SuiteRunner.java:332)
at org.testng.SuiteRunner.run(SuiteRunner.java:276)
at org.testng.SuiteRunnerWorker.runSuite(SuiteRunnerWorker.java:53)
at org.testng.SuiteRunnerWorker.run(SuiteRunnerWorker.java:96)
at org.testng.TestNG.runSuitesSequentially(TestNG.java:1212)
at org.testng.TestNG.runSuitesLocally(TestNG.java:1134)
at org.testng.TestNG.runSuites(TestNG.java:1063)
at org.testng.TestNG.run(TestNG.java:1031)
at org.testng.remote.AbstractRemoteTestNG.run(AbstractRemoteTestNG.java:115)
at org.testng.remote.RemoteTestNG.initAndRun(RemoteTestNG.java:251)
at org.testng.remote.RemoteTestNG.main(RemoteTestNG.java:77)
]]>
            </full-stacktrace>
          </exception> <!-- java.lang.NullPointerException -->
          <reporter-output>
          </reporter-output>
        </test-method> <!-- selectBySqlTest -->
        <test-method is-config="true" signature="beforeMethod()[pri:0, instance:com.source.dao.test.HoaDonDAOTest@5c30a9b0]" started-at="2022-04-15T16:04:02 ICT" name="beforeMethod" finished-at="2022-04-15T16:04:02 ICT" duration-ms="0" status="PASS">
          <reporter-output>
          </reporter-output>
        </test-method> <!-- beforeMethod -->
        <test-method is-config="true" signature="afterMethod()[pri:0, instance:com.source.dao.test.HoaDonDAOTest@5c30a9b0]" started-at="2022-04-15T16:04:02 ICT" name="afterMethod" finished-at="2022-04-15T16:04:02 ICT" duration-ms="0" status="PASS">
          <reporter-output>
          </reporter-output>
        </test-method> <!-- afterMethod -->
        <test-method is-config="true" signature="beforeMethod()[pri:0, instance:com.source.dao.test.HoaDonDAOTest@5c30a9b0]" started-at="2022-04-15T16:04:02 ICT" name="beforeMethod" finished-at="2022-04-15T16:04:02 ICT" duration-ms="0" status="PASS">
          <reporter-output>
          </reporter-output>
        </test-method> <!-- beforeMethod -->
        <test-method signature="updateTest()[pri:0, instance:com.source.dao.test.HoaDonDAOTest@5c30a9b0]" started-at="2022-04-15T16:04:02 ICT" name="updateTest" finished-at="2022-04-15T16:04:02 ICT" duration-ms="1" status="PASS">
          <reporter-output>
          </reporter-output>
        </test-method> <!-- updateTest -->
        <test-method is-config="true" signature="deleteTest()[pri:0, instance:com.source.dao.test.HoaDonDAOTest@5c30a9b0]" started-at="2022-04-15T16:04:02 ICT" name="deleteTest" finished-at="2022-04-15T16:04:02 ICT" duration-ms="0" status="PASS">
          <reporter-output>
          </reporter-output>
        </test-method> <!-- deleteTest -->
        <test-method is-config="true" signature="afterMethod()[pri:0, instance:com.source.dao.test.HoaDonDAOTest@5c30a9b0]" started-at="2022-04-15T16:04:02 ICT" name="afterMethod" finished-at="2022-04-15T16:04:02 ICT" duration-ms="1" status="PASS">
          <reporter-output>
          </reporter-output>
        </test-method> <!-- afterMethod -->
        <test-method is-config="true" signature="afterClass()[pri:0, instance:com.source.dao.test.HoaDonDAOTest@5c30a9b0]" started-at="2022-04-15T16:04:02 ICT" name="afterClass" finished-at="2022-04-15T16:04:02 ICT" duration-ms="1" status="PASS">
          <reporter-output>
          </reporter-output>
        </test-method> <!-- afterClass -->
        <test-method is-config="true" signature="afterTest()[pri:0, instance:com.source.dao.test.HoaDonDAOTest@5c30a9b0]" started-at="2022-04-15T16:04:02 ICT" name="afterTest" finished-at="2022-04-15T16:04:02 ICT" duration-ms="0" status="PASS">
          <reporter-output>
          </reporter-output>
        </test-method> <!-- afterTest -->
        <test-method is-config="true" signature="afterSuite()[pri:0, instance:com.source.dao.test.HoaDonDAOTest@5c30a9b0]" started-at="2022-04-15T16:04:02 ICT" name="afterSuite" finished-at="2022-04-15T16:04:02 ICT" duration-ms="0" status="PASS">
          <reporter-output>
          </reporter-output>
        </test-method> <!-- afterSuite -->
      </class> <!-- com.source.dao.test.HoaDonDAOTest -->
    </test> <!-- Default test -->
  </suite> <!-- Default suite -->
</testng-results>
